{"/home/lucas/Documentos/Rocketseat/GoStack/appgobarber/src/components/Button/index.tsx": {"path":"/home/lucas/Documentos/Rocketseat/GoStack/appgobarber/src/components/Button/index.tsx","statementMap":{"0":{"start":{"line":10,"column":38},"end":{"line":14,"column":1}},"1":{"start":{"line":11,"column":2},"end":{"line":13,"column":14}}},"fnMap":{"0":{"name":"(anonymous_0)","decl":{"start":{"line":10,"column":38},"end":{"line":10,"column":39}},"loc":{"start":{"line":11,"column":2},"end":{"line":13,"column":14}},"line":11}},"branchMap":{},"s":{"0":1,"1":1},"f":{"0":1},"b":{},"_coverageSchema":"43e27e138ebf9cfc5966b082cf9a028302ed4184","hash":"47c48975adc84f34410f6b9d6e64dae7b24de5f9"}
,"/home/lucas/Documentos/Rocketseat/GoStack/appgobarber/src/components/Input/index.tsx": {"path":"/home/lucas/Documentos/Rocketseat/GoStack/appgobarber/src/components/Input/index.tsx","statementMap":{"0":{"start":{"line":28,"column":66},"end":{"line":95,"column":1}},"1":{"start":{"line":32,"column":26},"end":{"line":32,"column":43}},"2":{"start":{"line":34,"column":65},"end":{"line":34,"column":79}},"3":{"start":{"line":36,"column":24},"end":{"line":36,"column":76}},"4":{"start":{"line":38,"column":36},"end":{"line":38,"column":51}},"5":{"start":{"line":39,"column":34},"end":{"line":39,"column":49}},"6":{"start":{"line":41,"column":27},"end":{"line":43,"column":8}},"7":{"start":{"line":42,"column":4},"end":{"line":42,"column":23}},"8":{"start":{"line":45,"column":26},"end":{"line":49,"column":8}},"9":{"start":{"line":46,"column":4},"end":{"line":46,"column":24}},"10":{"start":{"line":48,"column":4},"end":{"line":48,"column":47}},"11":{"start":{"line":51,"column":2},"end":{"line":55,"column":6}},"12":{"start":{"line":51,"column":34},"end":{"line":55,"column":3}},"13":{"start":{"line":53,"column":6},"end":{"line":53,"column":38}},"14":{"start":{"line":57,"column":2},"end":{"line":71,"column":33}},"15":{"start":{"line":58,"column":4},"end":{"line":70,"column":7}},"16":{"start":{"line":63,"column":8},"end":{"line":63,"column":44}},"17":{"start":{"line":64,"column":8},"end":{"line":64,"column":64}},"18":{"start":{"line":67,"column":8},"end":{"line":67,"column":41}},"19":{"start":{"line":68,"column":8},"end":{"line":68,"column":40}},"20":{"start":{"line":73,"column":2},"end":{"line":94,"column":4}},"21":{"start":{"line":89,"column":10},"end":{"line":89,"column":46}}},"fnMap":{"0":{"name":"(anonymous_0)","decl":{"start":{"line":28,"column":66},"end":{"line":28,"column":67}},"loc":{"start":{"line":31,"column":5},"end":{"line":95,"column":1}},"line":31},"1":{"name":"(anonymous_1)","decl":{"start":{"line":41,"column":39},"end":{"line":41,"column":40}},"loc":{"start":{"line":41,"column":45},"end":{"line":43,"column":3}},"line":41},"2":{"name":"(anonymous_2)","decl":{"start":{"line":45,"column":38},"end":{"line":45,"column":39}},"loc":{"start":{"line":45,"column":44},"end":{"line":49,"column":3}},"line":45},"3":{"name":"(anonymous_3)","decl":{"start":{"line":51,"column":27},"end":{"line":51,"column":28}},"loc":{"start":{"line":51,"column":34},"end":{"line":55,"column":3}},"line":51},"4":{"name":"(anonymous_4)","decl":{"start":{"line":52,"column":4},"end":{"line":52,"column":5}},"loc":{"start":{"line":52,"column":12},"end":{"line":54,"column":5}},"line":52},"5":{"name":"(anonymous_5)","decl":{"start":{"line":57,"column":12},"end":{"line":57,"column":13}},"loc":{"start":{"line":57,"column":18},"end":{"line":71,"column":3}},"line":57},"6":{"name":"(anonymous_6)","decl":{"start":{"line":62,"column":6},"end":{"line":62,"column":7}},"loc":{"start":{"line":62,"column":32},"end":{"line":65,"column":7}},"line":62},"7":{"name":"(anonymous_7)","decl":{"start":{"line":66,"column":6},"end":{"line":66,"column":7}},"loc":{"start":{"line":66,"column":19},"end":{"line":69,"column":7}},"line":66},"8":{"name":"(anonymous_8)","decl":{"start":{"line":88,"column":22},"end":{"line":88,"column":23}},"loc":{"start":{"line":88,"column":33},"end":{"line":90,"column":9}},"line":88}},"branchMap":{"0":{"loc":{"start":{"line":29,"column":16},"end":{"line":29,"column":35}},"type":"default-arg","locations":[{"start":{"line":29,"column":33},"end":{"line":29,"column":35}}],"line":29},"1":{"loc":{"start":{"line":34,"column":25},"end":{"line":34,"column":42}},"type":"default-arg","locations":[{"start":{"line":34,"column":40},"end":{"line":34,"column":42}}],"line":34},"2":{"loc":{"start":{"line":78,"column":15},"end":{"line":78,"column":60}},"type":"cond-expr","locations":[{"start":{"line":78,"column":39},"end":{"line":78,"column":48}},{"start":{"line":78,"column":51},"end":{"line":78,"column":60}}],"line":78},"3":{"loc":{"start":{"line":78,"column":15},"end":{"line":78,"column":36}},"type":"binary-expr","locations":[{"start":{"line":78,"column":15},"end":{"line":78,"column":24}},{"start":{"line":78,"column":28},"end":{"line":78,"column":36}}],"line":78}},"s":{"0":1,"1":2,"2":2,"3":2,"4":2,"5":2,"6":2,"7":0,"8":2,"9":0,"10":0,"11":2,"12":1,"13":0,"14":2,"15":2,"16":0,"17":0,"18":0,"19":0,"20":2,"21":0},"f":{"0":2,"1":0,"2":0,"3":1,"4":0,"5":2,"6":0,"7":0,"8":0},"b":{"0":[2],"1":[2],"2":[0,2],"3":[2,2]},"_coverageSchema":"43e27e138ebf9cfc5966b082cf9a028302ed4184","hash":"cd53d04902dad0ff4b73c6a68e5d3ae0126ddf46"}
,"/home/lucas/Documentos/Rocketseat/GoStack/appgobarber/src/hooks/auth.tsx": {"path":"/home/lucas/Documentos/Rocketseat/GoStack/appgobarber/src/hooks/auth.tsx","statementMap":{"0":{"start":{"line":36,"column":20},"end":{"line":36,"column":73}},"1":{"start":{"line":38,"column":38},"end":{"line":104,"column":1}},"2":{"start":{"line":39,"column":26},"end":{"line":39,"column":62}},"3":{"start":{"line":40,"column":32},"end":{"line":40,"column":46}},"4":{"start":{"line":42,"column":2},"end":{"line":59,"column":9}},"5":{"start":{"line":44,"column":28},"end":{"line":47,"column":8}},"6":{"start":{"line":49,"column":6},"end":{"line":53,"column":7}},"7":{"start":{"line":50,"column":8},"end":{"line":50,"column":66}},"8":{"start":{"line":52,"column":8},"end":{"line":52,"column":64}},"9":{"start":{"line":55,"column":6},"end":{"line":55,"column":24}},"10":{"start":{"line":58,"column":4},"end":{"line":58,"column":23}},"11":{"start":{"line":61,"column":17},"end":{"line":77,"column":8}},"12":{"start":{"line":62,"column":21},"end":{"line":65,"column":6}},"13":{"start":{"line":67,"column":28},"end":{"line":67,"column":41}},"14":{"start":{"line":69,"column":4},"end":{"line":72,"column":7}},"15":{"start":{"line":74,"column":4},"end":{"line":74,"column":59}},"16":{"start":{"line":76,"column":4},"end":{"line":76,"column":29}},"17":{"start":{"line":79,"column":18},"end":{"line":83,"column":8}},"18":{"start":{"line":80,"column":4},"end":{"line":80,"column":74}},"19":{"start":{"line":82,"column":4},"end":{"line":82,"column":29}},"20":{"start":{"line":85,"column":21},"end":{"line":95,"column":3}},"21":{"start":{"line":87,"column":6},"end":{"line":87,"column":73}},"22":{"start":{"line":89,"column":6},"end":{"line":92,"column":9}},"23":{"start":{"line":97,"column":2},"end":{"line":103,"column":4}},"24":{"start":{"line":107,"column":18},"end":{"line":107,"column":41}},"25":{"start":{"line":109,"column":2},"end":{"line":111,"column":3}},"26":{"start":{"line":110,"column":4},"end":{"line":110,"column":67}},"27":{"start":{"line":113,"column":2},"end":{"line":113,"column":17}}},"fnMap":{"0":{"name":"(anonymous_0)","decl":{"start":{"line":38,"column":38},"end":{"line":38,"column":39}},"loc":{"start":{"line":38,"column":56},"end":{"line":104,"column":1}},"line":38},"1":{"name":"(anonymous_1)","decl":{"start":{"line":42,"column":12},"end":{"line":42,"column":13}},"loc":{"start":{"line":42,"column":18},"end":{"line":59,"column":3}},"line":42},"2":{"name":"loadStoragedData","decl":{"start":{"line":43,"column":19},"end":{"line":43,"column":35}},"loc":{"start":{"line":43,"column":53},"end":{"line":56,"column":5}},"line":43},"3":{"name":"(anonymous_3)","decl":{"start":{"line":61,"column":29},"end":{"line":61,"column":30}},"loc":{"start":{"line":61,"column":60},"end":{"line":77,"column":3}},"line":61},"4":{"name":"(anonymous_4)","decl":{"start":{"line":79,"column":30},"end":{"line":79,"column":31}},"loc":{"start":{"line":79,"column":42},"end":{"line":83,"column":3}},"line":79},"5":{"name":"(anonymous_5)","decl":{"start":{"line":86,"column":4},"end":{"line":86,"column":5}},"loc":{"start":{"line":86,"column":26},"end":{"line":93,"column":5}},"line":86},"6":{"name":"useAuth","decl":{"start":{"line":106,"column":16},"end":{"line":106,"column":23}},"loc":{"start":{"line":106,"column":43},"end":{"line":114,"column":1}},"line":106}},"branchMap":{"0":{"loc":{"start":{"line":49,"column":6},"end":{"line":53,"column":7}},"type":"if","locations":[{"start":{"line":49,"column":6},"end":{"line":53,"column":7}},{"start":{"line":49,"column":6},"end":{"line":53,"column":7}}],"line":49},"1":{"loc":{"start":{"line":49,"column":10},"end":{"line":49,"column":29}},"type":"binary-expr","locations":[{"start":{"line":49,"column":10},"end":{"line":49,"column":18}},{"start":{"line":49,"column":22},"end":{"line":49,"column":29}}],"line":49},"2":{"loc":{"start":{"line":109,"column":2},"end":{"line":111,"column":3}},"type":"if","locations":[{"start":{"line":109,"column":2},"end":{"line":111,"column":3}},{"start":{"line":109,"column":2},"end":{"line":111,"column":3}}],"line":109}},"s":{"0":1,"1":1,"2":0,"3":0,"4":0,"5":0,"6":0,"7":0,"8":0,"9":0,"10":0,"11":0,"12":0,"13":0,"14":0,"15":0,"16":0,"17":0,"18":0,"19":0,"20":0,"21":0,"22":0,"23":0,"24":1,"25":1,"26":0,"27":1},"f":{"0":0,"1":0,"2":0,"3":0,"4":0,"5":0,"6":1},"b":{"0":[0,0],"1":[0,0],"2":[0,1]},"_coverageSchema":"43e27e138ebf9cfc5966b082cf9a028302ed4184","hash":"4ec54f0e39b77ce0e9743f90b618ee95426d9164"}
,"/home/lucas/Documentos/Rocketseat/GoStack/appgobarber/src/pages/AppointmentCreated/index.tsx": {"path":"/home/lucas/Documentos/Rocketseat/GoStack/appgobarber/src/pages/AppointmentCreated/index.tsx","statementMap":{"0":{"start":{"line":19,"column":37},"end":{"line":52,"column":1}},"1":{"start":{"line":20,"column":20},"end":{"line":20,"column":35}},"2":{"start":{"line":21,"column":21},"end":{"line":21,"column":31}},"3":{"start":{"line":23,"column":22},"end":{"line":23,"column":43}},"4":{"start":{"line":25,"column":26},"end":{"line":30,"column":13}},"5":{"start":{"line":26,"column":4},"end":{"line":29,"column":7}},"6":{"start":{"line":32,"column":24},"end":{"line":38,"column":24}},"7":{"start":{"line":33,"column":4},"end":{"line":37,"column":6}},"8":{"start":{"line":40,"column":2},"end":{"line":51,"column":4}}},"fnMap":{"0":{"name":"(anonymous_0)","decl":{"start":{"line":19,"column":37},"end":{"line":19,"column":38}},"loc":{"start":{"line":19,"column":43},"end":{"line":52,"column":1}},"line":19},"1":{"name":"(anonymous_1)","decl":{"start":{"line":25,"column":38},"end":{"line":25,"column":39}},"loc":{"start":{"line":25,"column":44},"end":{"line":30,"column":3}},"line":25},"2":{"name":"(anonymous_2)","decl":{"start":{"line":32,"column":32},"end":{"line":32,"column":33}},"loc":{"start":{"line":32,"column":38},"end":{"line":38,"column":3}},"line":32}},"branchMap":{},"s":{"0":0,"1":0,"2":0,"3":0,"4":0,"5":0,"6":0,"7":0,"8":0},"f":{"0":0,"1":0,"2":0},"b":{},"hash":"50500b81b4c565a41124e605d8e4a742c1fbae8a"}
,"/home/lucas/Documentos/Rocketseat/GoStack/appgobarber/src/pages/CreateAppointment/index.tsx": {"path":"/home/lucas/Documentos/Rocketseat/GoStack/appgobarber/src/pages/CreateAppointment/index.tsx","statementMap":{"0":{"start":{"line":53,"column":36},"end":{"line":269,"column":1}},"1":{"start":{"line":54,"column":19},"end":{"line":54,"column":28}},"2":{"start":{"line":55,"column":16},"end":{"line":55,"column":26}},"3":{"start":{"line":56,"column":31},"end":{"line":56,"column":46}},"4":{"start":{"line":58,"column":22},"end":{"line":58,"column":49}},"5":{"start":{"line":60,"column":42},"end":{"line":60,"column":74}},"6":{"start":{"line":61,"column":46},"end":{"line":61,"column":61}},"7":{"start":{"line":62,"column":42},"end":{"line":62,"column":62}},"8":{"start":{"line":63,"column":42},"end":{"line":63,"column":53}},"9":{"start":{"line":64,"column":36},"end":{"line":64,"column":60}},"10":{"start":{"line":65,"column":50},"end":{"line":67,"column":3}},"11":{"start":{"line":69,"column":2},"end":{"line":73,"column":9}},"12":{"start":{"line":70,"column":4},"end":{"line":72,"column":7}},"13":{"start":{"line":71,"column":6},"end":{"line":71,"column":34}},"14":{"start":{"line":75,"column":2},"end":{"line":87,"column":39}},"15":{"start":{"line":76,"column":4},"end":{"line":86,"column":9}},"16":{"start":{"line":85,"column":8},"end":{"line":85,"column":39}},"17":{"start":{"line":89,"column":23},"end":{"line":91,"column":14}},"18":{"start":{"line":90,"column":4},"end":{"line":90,"column":13}},"19":{"start":{"line":93,"column":31},"end":{"line":95,"column":8}},"20":{"start":{"line":94,"column":4},"end":{"line":94,"column":36}},"21":{"start":{"line":97,"column":33},"end":{"line":99,"column":8}},"22":{"start":{"line":98,"column":4},"end":{"line":98,"column":41}},"23":{"start":{"line":98,"column":33},"end":{"line":98,"column":39}},"24":{"start":{"line":101,"column":28},"end":{"line":112,"column":3}},"25":{"start":{"line":103,"column":6},"end":{"line":105,"column":7}},"26":{"start":{"line":104,"column":8},"end":{"line":104,"column":33}},"27":{"start":{"line":107,"column":6},"end":{"line":109,"column":7}},"28":{"start":{"line":108,"column":8},"end":{"line":108,"column":30}},"29":{"start":{"line":114,"column":27},"end":{"line":116,"column":8}},"30":{"start":{"line":115,"column":4},"end":{"line":115,"column":26}},"31":{"start":{"line":118,"column":34},"end":{"line":137,"column":62}},"32":{"start":{"line":119,"column":4},"end":{"line":136,"column":5}},"33":{"start":{"line":120,"column":19},"end":{"line":120,"column":41}},"34":{"start":{"line":122,"column":6},"end":{"line":122,"column":34}},"35":{"start":{"line":123,"column":6},"end":{"line":123,"column":25}},"36":{"start":{"line":125,"column":6},"end":{"line":128,"column":9}},"37":{"start":{"line":130,"column":6},"end":{"line":130,"column":63}},"38":{"start":{"line":132,"column":6},"end":{"line":135,"column":8}},"39":{"start":{"line":139,"column":30},"end":{"line":149,"column":20}},"40":{"start":{"line":140,"column":4},"end":{"line":148,"column":9}},"41":{"start":{"line":141,"column":28},"end":{"line":141,"column":37}},"42":{"start":{"line":143,"column":8},"end":{"line":147,"column":10}},"43":{"start":{"line":151,"column":32},"end":{"line":161,"column":20}},"44":{"start":{"line":152,"column":4},"end":{"line":160,"column":9}},"45":{"start":{"line":153,"column":28},"end":{"line":153,"column":38}},"46":{"start":{"line":155,"column":8},"end":{"line":159,"column":10}},"47":{"start":{"line":163,"column":2},"end":{"line":268,"column":4}},"48":{"start":{"line":182,"column":40},"end":{"line":182,"column":51}},"49":{"start":{"line":184,"column":14},"end":{"line":192,"column":34}},"50":{"start":{"line":185,"column":31},"end":{"line":185,"column":64}},"51":{"start":{"line":225,"column":16},"end":{"line":235,"column":23}},"52":{"start":{"line":230,"column":33},"end":{"line":230,"column":55}},"53":{"start":{"line":246,"column":18},"end":{"line":256,"column":25}},"54":{"start":{"line":251,"column":35},"end":{"line":251,"column":57}}},"fnMap":{"0":{"name":"(anonymous_0)","decl":{"start":{"line":53,"column":36},"end":{"line":53,"column":37}},"loc":{"start":{"line":53,"column":42},"end":{"line":269,"column":1}},"line":53},"1":{"name":"(anonymous_1)","decl":{"start":{"line":69,"column":12},"end":{"line":69,"column":13}},"loc":{"start":{"line":69,"column":18},"end":{"line":73,"column":3}},"line":69},"2":{"name":"(anonymous_2)","decl":{"start":{"line":70,"column":31},"end":{"line":70,"column":32}},"loc":{"start":{"line":70,"column":45},"end":{"line":72,"column":5}},"line":70},"3":{"name":"(anonymous_3)","decl":{"start":{"line":75,"column":12},"end":{"line":75,"column":13}},"loc":{"start":{"line":75,"column":18},"end":{"line":87,"column":3}},"line":75},"4":{"name":"(anonymous_4)","decl":{"start":{"line":84,"column":12},"end":{"line":84,"column":13}},"loc":{"start":{"line":84,"column":26},"end":{"line":86,"column":7}},"line":84},"5":{"name":"(anonymous_5)","decl":{"start":{"line":89,"column":35},"end":{"line":89,"column":36}},"loc":{"start":{"line":89,"column":41},"end":{"line":91,"column":3}},"line":89},"6":{"name":"(anonymous_6)","decl":{"start":{"line":93,"column":43},"end":{"line":93,"column":44}},"loc":{"start":{"line":93,"column":67},"end":{"line":95,"column":3}},"line":93},"7":{"name":"(anonymous_7)","decl":{"start":{"line":97,"column":45},"end":{"line":97,"column":46}},"loc":{"start":{"line":97,"column":51},"end":{"line":99,"column":3}},"line":97},"8":{"name":"(anonymous_8)","decl":{"start":{"line":98,"column":22},"end":{"line":98,"column":23}},"loc":{"start":{"line":98,"column":33},"end":{"line":98,"column":39}},"line":98},"9":{"name":"(anonymous_9)","decl":{"start":{"line":102,"column":4},"end":{"line":102,"column":5}},"loc":{"start":{"line":102,"column":44},"end":{"line":110,"column":5}},"line":102},"10":{"name":"(anonymous_10)","decl":{"start":{"line":114,"column":39},"end":{"line":114,"column":40}},"loc":{"start":{"line":114,"column":57},"end":{"line":116,"column":3}},"line":114},"11":{"name":"(anonymous_11)","decl":{"start":{"line":118,"column":46},"end":{"line":118,"column":47}},"loc":{"start":{"line":118,"column":58},"end":{"line":137,"column":3}},"line":118},"12":{"name":"(anonymous_12)","decl":{"start":{"line":139,"column":38},"end":{"line":139,"column":39}},"loc":{"start":{"line":139,"column":44},"end":{"line":149,"column":3}},"line":139},"13":{"name":"(anonymous_13)","decl":{"start":{"line":141,"column":14},"end":{"line":141,"column":15}},"loc":{"start":{"line":141,"column":28},"end":{"line":141,"column":37}},"line":141},"14":{"name":"(anonymous_14)","decl":{"start":{"line":142,"column":11},"end":{"line":142,"column":12}},"loc":{"start":{"line":142,"column":36},"end":{"line":148,"column":7}},"line":142},"15":{"name":"(anonymous_15)","decl":{"start":{"line":151,"column":40},"end":{"line":151,"column":41}},"loc":{"start":{"line":151,"column":46},"end":{"line":161,"column":3}},"line":151},"16":{"name":"(anonymous_16)","decl":{"start":{"line":153,"column":14},"end":{"line":153,"column":15}},"loc":{"start":{"line":153,"column":28},"end":{"line":153,"column":38}},"line":153},"17":{"name":"(anonymous_17)","decl":{"start":{"line":154,"column":11},"end":{"line":154,"column":12}},"loc":{"start":{"line":154,"column":36},"end":{"line":160,"column":7}},"line":154},"18":{"name":"(anonymous_18)","decl":{"start":{"line":182,"column":26},"end":{"line":182,"column":27}},"loc":{"start":{"line":182,"column":40},"end":{"line":182,"column":51}},"line":182},"19":{"name":"(anonymous_19)","decl":{"start":{"line":183,"column":24},"end":{"line":183,"column":25}},"loc":{"start":{"line":184,"column":14},"end":{"line":192,"column":34}},"line":184},"20":{"name":"(anonymous_20)","decl":{"start":{"line":185,"column":25},"end":{"line":185,"column":26}},"loc":{"start":{"line":185,"column":31},"end":{"line":185,"column":64}},"line":185},"21":{"name":"(anonymous_21)","decl":{"start":{"line":224,"column":39},"end":{"line":224,"column":40}},"loc":{"start":{"line":225,"column":16},"end":{"line":235,"column":23}},"line":225},"22":{"name":"(anonymous_22)","decl":{"start":{"line":230,"column":27},"end":{"line":230,"column":28}},"loc":{"start":{"line":230,"column":33},"end":{"line":230,"column":55}},"line":230},"23":{"name":"(anonymous_23)","decl":{"start":{"line":245,"column":16},"end":{"line":245,"column":17}},"loc":{"start":{"line":246,"column":18},"end":{"line":256,"column":25}},"line":246},"24":{"name":"(anonymous_24)","decl":{"start":{"line":251,"column":29},"end":{"line":251,"column":30}},"loc":{"start":{"line":251,"column":35},"end":{"line":251,"column":57}},"line":251}},"branchMap":{"0":{"loc":{"start":{"line":103,"column":6},"end":{"line":105,"column":7}},"type":"if","locations":[{"start":{"line":103,"column":6},"end":{"line":105,"column":7}},{"start":{"line":103,"column":6},"end":{"line":105,"column":7}}],"line":103},"1":{"loc":{"start":{"line":107,"column":6},"end":{"line":109,"column":7}},"type":"if","locations":[{"start":{"line":107,"column":6},"end":{"line":109,"column":7}},{"start":{"line":107,"column":6},"end":{"line":109,"column":7}}],"line":107},"2":{"loc":{"start":{"line":206,"column":11},"end":{"line":214,"column":11}},"type":"binary-expr","locations":[{"start":{"line":206,"column":11},"end":{"line":206,"column":25}},{"start":{"line":207,"column":12},"end":{"line":213,"column":14}}],"line":206}},"s":{"0":0,"1":0,"2":0,"3":0,"4":0,"5":0,"6":0,"7":0,"8":0,"9":0,"10":0,"11":0,"12":0,"13":0,"14":0,"15":0,"16":0,"17":0,"18":0,"19":0,"20":0,"21":0,"22":0,"23":0,"24":0,"25":0,"26":0,"27":0,"28":0,"29":0,"30":0,"31":0,"32":0,"33":0,"34":0,"35":0,"36":0,"37":0,"38":0,"39":0,"40":0,"41":0,"42":0,"43":0,"44":0,"45":0,"46":0,"47":0,"48":0,"49":0,"50":0,"51":0,"52":0,"53":0,"54":0},"f":{"0":0,"1":0,"2":0,"3":0,"4":0,"5":0,"6":0,"7":0,"8":0,"9":0,"10":0,"11":0,"12":0,"13":0,"14":0,"15":0,"16":0,"17":0,"18":0,"19":0,"20":0,"21":0,"22":0,"23":0,"24":0},"b":{"0":[0,0],"1":[0,0],"2":[0,0]},"hash":"f46ef853f9f7be4b86726f206ad6283ffc8b8faf"}
,"/home/lucas/Documentos/Rocketseat/GoStack/appgobarber/src/pages/Dashboard/index.tsx": {"path":"/home/lucas/Documentos/Rocketseat/GoStack/appgobarber/src/pages/Dashboard/index.tsx","statementMap":{"0":{"start":{"line":31,"column":28},"end":{"line":97,"column":1}},"1":{"start":{"line":32,"column":36},"end":{"line":32,"column":60}},"2":{"start":{"line":34,"column":19},"end":{"line":34,"column":28}},"3":{"start":{"line":35,"column":23},"end":{"line":35,"column":38}},"4":{"start":{"line":37,"column":2},"end":{"line":41,"column":9}},"5":{"start":{"line":38,"column":4},"end":{"line":40,"column":7}},"6":{"start":{"line":39,"column":6},"end":{"line":39,"column":34}},"7":{"start":{"line":43,"column":28},"end":{"line":45,"column":16}},"8":{"start":{"line":44,"column":4},"end":{"line":44,"column":24}},"9":{"start":{"line":47,"column":38},"end":{"line":52,"column":3}},"10":{"start":{"line":49,"column":6},"end":{"line":49,"column":52}},"11":{"start":{"line":54,"column":2},"end":{"line":96,"column":4}},"12":{"start":{"line":69,"column":36},"end":{"line":69,"column":47}},"13":{"start":{"line":74,"column":10},"end":{"line":92,"column":30}},"14":{"start":{"line":75,"column":27},"end":{"line":75,"column":67}}},"fnMap":{"0":{"name":"(anonymous_0)","decl":{"start":{"line":31,"column":28},"end":{"line":31,"column":29}},"loc":{"start":{"line":31,"column":34},"end":{"line":97,"column":1}},"line":31},"1":{"name":"(anonymous_1)","decl":{"start":{"line":37,"column":12},"end":{"line":37,"column":13}},"loc":{"start":{"line":37,"column":18},"end":{"line":41,"column":3}},"line":37},"2":{"name":"(anonymous_2)","decl":{"start":{"line":38,"column":31},"end":{"line":38,"column":32}},"loc":{"start":{"line":38,"column":45},"end":{"line":40,"column":5}},"line":38},"3":{"name":"(anonymous_3)","decl":{"start":{"line":43,"column":40},"end":{"line":43,"column":41}},"loc":{"start":{"line":43,"column":46},"end":{"line":45,"column":3}},"line":43},"4":{"name":"(anonymous_4)","decl":{"start":{"line":48,"column":4},"end":{"line":48,"column":5}},"loc":{"start":{"line":48,"column":28},"end":{"line":50,"column":5}},"line":48},"5":{"name":"(anonymous_5)","decl":{"start":{"line":69,"column":22},"end":{"line":69,"column":23}},"loc":{"start":{"line":69,"column":36},"end":{"line":69,"column":47}},"line":69},"6":{"name":"(anonymous_6)","decl":{"start":{"line":73,"column":20},"end":{"line":73,"column":21}},"loc":{"start":{"line":74,"column":10},"end":{"line":92,"column":30}},"line":74},"7":{"name":"(anonymous_7)","decl":{"start":{"line":75,"column":21},"end":{"line":75,"column":22}},"loc":{"start":{"line":75,"column":27},"end":{"line":75,"column":67}},"line":75}},"branchMap":{},"s":{"0":0,"1":0,"2":0,"3":0,"4":0,"5":0,"6":0,"7":0,"8":0,"9":0,"10":0,"11":0,"12":0,"13":0,"14":0},"f":{"0":0,"1":0,"2":0,"3":0,"4":0,"5":0,"6":0,"7":0},"b":{},"hash":"dc9940da8ed8df0e69804a085400639c0d04384b"}
,"/home/lucas/Documentos/Rocketseat/GoStack/appgobarber/src/pages/Profile/index.tsx": {"path":"/home/lucas/Documentos/Rocketseat/GoStack/appgobarber/src/pages/Profile/index.tsx","statementMap":{"0":{"start":{"line":43,"column":26},"end":{"line":269,"column":1}},"1":{"start":{"line":44,"column":31},"end":{"line":44,"column":40}},"2":{"start":{"line":46,"column":18},"end":{"line":46,"column":43}},"3":{"start":{"line":47,"column":21},"end":{"line":47,"column":36}},"4":{"start":{"line":49,"column":24},"end":{"line":49,"column":47}},"5":{"start":{"line":50,"column":27},"end":{"line":50,"column":50}},"6":{"start":{"line":51,"column":30},"end":{"line":51,"column":53}},"7":{"start":{"line":52,"column":34},"end":{"line":52,"column":57}},"8":{"start":{"line":54,"column":23},"end":{"line":125,"column":3}},"9":{"start":{"line":56,"column":6},"end":{"line":122,"column":7}},"10":{"start":{"line":57,"column":8},"end":{"line":57,"column":39}},"11":{"start":{"line":58,"column":23},"end":{"line":76,"column":10}},"12":{"start":{"line":65,"column":25},"end":{"line":65,"column":37}},"13":{"start":{"line":71,"column":27},"end":{"line":71,"column":39}},"14":{"start":{"line":78,"column":8},"end":{"line":80,"column":11}},"15":{"start":{"line":88,"column":12},"end":{"line":88,"column":16}},"16":{"start":{"line":90,"column":25},"end":{"line":100,"column":9}},"17":{"start":{"line":102,"column":25},"end":{"line":102,"column":60}},"18":{"start":{"line":104,"column":8},"end":{"line":104,"column":34}},"19":{"start":{"line":106,"column":8},"end":{"line":106,"column":54}},"20":{"start":{"line":108,"column":8},"end":{"line":108,"column":28}},"21":{"start":{"line":110,"column":8},"end":{"line":116,"column":9}},"22":{"start":{"line":111,"column":25},"end":{"line":111,"column":49}},"23":{"start":{"line":113,"column":10},"end":{"line":113,"column":45}},"24":{"start":{"line":115,"column":10},"end":{"line":115,"column":17}},"25":{"start":{"line":118,"column":8},"end":{"line":121,"column":10}},"26":{"start":{"line":127,"column":29},"end":{"line":158,"column":27}},"27":{"start":{"line":128,"column":4},"end":{"line":157,"column":6}},"28":{"start":{"line":136,"column":8},"end":{"line":138,"column":9}},"29":{"start":{"line":137,"column":10},"end":{"line":137,"column":17}},"30":{"start":{"line":140,"column":8},"end":{"line":143,"column":9}},"31":{"start":{"line":141,"column":10},"end":{"line":141,"column":55}},"32":{"start":{"line":142,"column":10},"end":{"line":142,"column":17}},"33":{"start":{"line":145,"column":21},"end":{"line":145,"column":35}},"34":{"start":{"line":147,"column":8},"end":{"line":151,"column":11}},"35":{"start":{"line":153,"column":8},"end":{"line":155,"column":11}},"36":{"start":{"line":154,"column":10},"end":{"line":154,"column":39}},"37":{"start":{"line":160,"column":23},"end":{"line":162,"column":18}},"38":{"start":{"line":161,"column":4},"end":{"line":161,"column":24}},"39":{"start":{"line":164,"column":2},"end":{"line":268,"column":4}},"40":{"start":{"line":197,"column":20},"end":{"line":197,"column":51}},"41":{"start":{"line":211,"column":20},"end":{"line":211,"column":57}},"42":{"start":{"line":225,"column":20},"end":{"line":225,"column":54}},"43":{"start":{"line":238,"column":20},"end":{"line":238,"column":61}},"44":{"start":{"line":251,"column":20},"end":{"line":251,"column":50}},"45":{"start":{"line":257,"column":20},"end":{"line":257,"column":50}}},"fnMap":{"0":{"name":"(anonymous_0)","decl":{"start":{"line":43,"column":26},"end":{"line":43,"column":27}},"loc":{"start":{"line":43,"column":32},"end":{"line":269,"column":1}},"line":43},"1":{"name":"(anonymous_1)","decl":{"start":{"line":55,"column":4},"end":{"line":55,"column":5}},"loc":{"start":{"line":55,"column":37},"end":{"line":123,"column":5}},"line":55},"2":{"name":"(anonymous_2)","decl":{"start":{"line":65,"column":16},"end":{"line":65,"column":17}},"loc":{"start":{"line":65,"column":25},"end":{"line":65,"column":37}},"line":65},"3":{"name":"(anonymous_3)","decl":{"start":{"line":71,"column":18},"end":{"line":71,"column":19}},"loc":{"start":{"line":71,"column":27},"end":{"line":71,"column":39}},"line":71},"4":{"name":"(anonymous_4)","decl":{"start":{"line":127,"column":41},"end":{"line":127,"column":42}},"loc":{"start":{"line":127,"column":47},"end":{"line":158,"column":3}},"line":127},"5":{"name":"(anonymous_5)","decl":{"start":{"line":135,"column":6},"end":{"line":135,"column":7}},"loc":{"start":{"line":135,"column":20},"end":{"line":156,"column":7}},"line":135},"6":{"name":"(anonymous_6)","decl":{"start":{"line":153,"column":46},"end":{"line":153,"column":47}},"loc":{"start":{"line":153,"column":63},"end":{"line":155,"column":9}},"line":153},"7":{"name":"(anonymous_7)","decl":{"start":{"line":160,"column":35},"end":{"line":160,"column":36}},"loc":{"start":{"line":160,"column":41},"end":{"line":162,"column":3}},"line":160},"8":{"name":"(anonymous_8)","decl":{"start":{"line":196,"column":35},"end":{"line":196,"column":36}},"loc":{"start":{"line":196,"column":41},"end":{"line":198,"column":19}},"line":196},"9":{"name":"(anonymous_9)","decl":{"start":{"line":210,"column":35},"end":{"line":210,"column":36}},"loc":{"start":{"line":210,"column":41},"end":{"line":212,"column":19}},"line":210},"10":{"name":"(anonymous_10)","decl":{"start":{"line":224,"column":35},"end":{"line":224,"column":36}},"loc":{"start":{"line":224,"column":41},"end":{"line":226,"column":19}},"line":224},"11":{"name":"(anonymous_11)","decl":{"start":{"line":237,"column":35},"end":{"line":237,"column":36}},"loc":{"start":{"line":237,"column":41},"end":{"line":239,"column":19}},"line":237},"12":{"name":"(anonymous_12)","decl":{"start":{"line":250,"column":35},"end":{"line":250,"column":36}},"loc":{"start":{"line":250,"column":41},"end":{"line":252,"column":19}},"line":250},"13":{"name":"(anonymous_13)","decl":{"start":{"line":256,"column":27},"end":{"line":256,"column":28}},"loc":{"start":{"line":256,"column":33},"end":{"line":258,"column":19}},"line":256}},"branchMap":{"0":{"loc":{"start":{"line":93,"column":14},"end":{"line":99,"column":16}},"type":"cond-expr","locations":[{"start":{"line":94,"column":14},"end":{"line":98,"column":15}},{"start":{"line":99,"column":14},"end":{"line":99,"column":16}}],"line":93},"1":{"loc":{"start":{"line":110,"column":8},"end":{"line":116,"column":9}},"type":"if","locations":[{"start":{"line":110,"column":8},"end":{"line":116,"column":9}},{"start":{"line":110,"column":8},"end":{"line":116,"column":9}}],"line":110},"2":{"loc":{"start":{"line":136,"column":8},"end":{"line":138,"column":9}},"type":"if","locations":[{"start":{"line":136,"column":8},"end":{"line":138,"column":9}},{"start":{"line":136,"column":8},"end":{"line":138,"column":9}}],"line":136},"3":{"loc":{"start":{"line":140,"column":8},"end":{"line":143,"column":9}},"type":"if","locations":[{"start":{"line":140,"column":8},"end":{"line":143,"column":9}},{"start":{"line":140,"column":8},"end":{"line":143,"column":9}}],"line":140},"4":{"loc":{"start":{"line":168,"column":18},"end":{"line":168,"column":63}},"type":"cond-expr","locations":[{"start":{"line":168,"column":42},"end":{"line":168,"column":51}},{"start":{"line":168,"column":54},"end":{"line":168,"column":63}}],"line":168}},"s":{"0":0,"1":0,"2":0,"3":0,"4":0,"5":0,"6":0,"7":0,"8":0,"9":0,"10":0,"11":0,"12":0,"13":0,"14":0,"15":0,"16":0,"17":0,"18":0,"19":0,"20":0,"21":0,"22":0,"23":0,"24":0,"25":0,"26":0,"27":0,"28":0,"29":0,"30":0,"31":0,"32":0,"33":0,"34":0,"35":0,"36":0,"37":0,"38":0,"39":0,"40":0,"41":0,"42":0,"43":0,"44":0,"45":0},"f":{"0":0,"1":0,"2":0,"3":0,"4":0,"5":0,"6":0,"7":0,"8":0,"9":0,"10":0,"11":0,"12":0,"13":0},"b":{"0":[0,0],"1":[0,0],"2":[0,0],"3":[0,0],"4":[0,0]},"hash":"d32e06323bc6314a534ad5fe88f4c79aa9fc4624"}
,"/home/lucas/Documentos/Rocketseat/GoStack/appgobarber/src/pages/SignIn/index.tsx": {"path":"/home/lucas/Documentos/Rocketseat/GoStack/appgobarber/src/pages/SignIn/index.tsx","statementMap":{"0":{"start":{"line":41,"column":25},"end":{"line":158,"column":1}},"1":{"start":{"line":42,"column":18},"end":{"line":42,"column":43}},"2":{"start":{"line":43,"column":27},"end":{"line":43,"column":50}},"3":{"start":{"line":45,"column":21},"end":{"line":45,"column":36}},"4":{"start":{"line":47,"column":27},"end":{"line":47,"column":36}},"5":{"start":{"line":49,"column":2},"end":{"line":49,"column":20}},"6":{"start":{"line":51,"column":23},"end":{"line":86,"column":3}},"7":{"start":{"line":53,"column":6},"end":{"line":83,"column":7}},"8":{"start":{"line":54,"column":8},"end":{"line":54,"column":39}},"9":{"start":{"line":55,"column":23},"end":{"line":60,"column":10}},"10":{"start":{"line":62,"column":8},"end":{"line":64,"column":11}},"11":{"start":{"line":66,"column":8},"end":{"line":69,"column":11}},"12":{"start":{"line":71,"column":8},"end":{"line":77,"column":9}},"13":{"start":{"line":72,"column":25},"end":{"line":72,"column":49}},"14":{"start":{"line":74,"column":10},"end":{"line":74,"column":45}},"15":{"start":{"line":76,"column":10},"end":{"line":76,"column":17}},"16":{"start":{"line":79,"column":8},"end":{"line":82,"column":10}},"17":{"start":{"line":88,"column":2},"end":{"line":157,"column":4}},"18":{"start":{"line":116,"column":18},"end":{"line":116,"column":52}},"19":{"start":{"line":128,"column":18},"end":{"line":128,"column":48}},"20":{"start":{"line":134,"column":18},"end":{"line":134,"column":48}},"21":{"start":{"line":143,"column":16},"end":{"line":143,"column":35}},"22":{"start":{"line":152,"column":42},"end":{"line":152,"column":71}}},"fnMap":{"0":{"name":"(anonymous_0)","decl":{"start":{"line":41,"column":25},"end":{"line":41,"column":26}},"loc":{"start":{"line":41,"column":31},"end":{"line":158,"column":1}},"line":41},"1":{"name":"(anonymous_1)","decl":{"start":{"line":52,"column":4},"end":{"line":52,"column":5}},"loc":{"start":{"line":52,"column":36},"end":{"line":84,"column":5}},"line":52},"2":{"name":"(anonymous_2)","decl":{"start":{"line":115,"column":33},"end":{"line":115,"column":34}},"loc":{"start":{"line":115,"column":39},"end":{"line":117,"column":17}},"line":115},"3":{"name":"(anonymous_3)","decl":{"start":{"line":127,"column":33},"end":{"line":127,"column":34}},"loc":{"start":{"line":127,"column":39},"end":{"line":129,"column":17}},"line":127},"4":{"name":"(anonymous_4)","decl":{"start":{"line":133,"column":25},"end":{"line":133,"column":26}},"loc":{"start":{"line":133,"column":31},"end":{"line":135,"column":17}},"line":133},"5":{"name":"(anonymous_5)","decl":{"start":{"line":142,"column":23},"end":{"line":142,"column":24}},"loc":{"start":{"line":142,"column":29},"end":{"line":144,"column":15}},"line":142},"6":{"name":"(anonymous_6)","decl":{"start":{"line":152,"column":36},"end":{"line":152,"column":37}},"loc":{"start":{"line":152,"column":42},"end":{"line":152,"column":71}},"line":152}},"branchMap":{"0":{"loc":{"start":{"line":71,"column":8},"end":{"line":77,"column":9}},"type":"if","locations":[{"start":{"line":71,"column":8},"end":{"line":77,"column":9}},{"start":{"line":71,"column":8},"end":{"line":77,"column":9}}],"line":71},"1":{"loc":{"start":{"line":92,"column":18},"end":{"line":92,"column":63}},"type":"cond-expr","locations":[{"start":{"line":92,"column":42},"end":{"line":92,"column":51}},{"start":{"line":92,"column":54},"end":{"line":92,"column":63}}],"line":92}},"s":{"0":1,"1":1,"2":1,"3":1,"4":1,"5":1,"6":1,"7":0,"8":0,"9":0,"10":0,"11":0,"12":0,"13":0,"14":0,"15":0,"16":0,"17":1,"18":0,"19":0,"20":0,"21":0,"22":0},"f":{"0":1,"1":0,"2":0,"3":0,"4":0,"5":0,"6":0},"b":{"0":[0,0],"1":[1,0]},"_coverageSchema":"43e27e138ebf9cfc5966b082cf9a028302ed4184","hash":"4cd7b7336f54e2ebb19f04f0d8db73e3ec997e10"}
,"/home/lucas/Documentos/Rocketseat/GoStack/appgobarber/src/pages/SignUp/index.tsx": {"path":"/home/lucas/Documentos/Rocketseat/GoStack/appgobarber/src/pages/SignUp/index.tsx","statementMap":{"0":{"start":{"line":33,"column":25},"end":{"line":157,"column":1}},"1":{"start":{"line":34,"column":18},"end":{"line":34,"column":43}},"2":{"start":{"line":35,"column":21},"end":{"line":35,"column":36}},"3":{"start":{"line":37,"column":24},"end":{"line":37,"column":47}},"4":{"start":{"line":38,"column":27},"end":{"line":38,"column":50}},"5":{"start":{"line":40,"column":23},"end":{"line":80,"column":3}},"6":{"start":{"line":42,"column":6},"end":{"line":77,"column":7}},"7":{"start":{"line":43,"column":8},"end":{"line":43,"column":39}},"8":{"start":{"line":44,"column":23},"end":{"line":50,"column":10}},"9":{"start":{"line":52,"column":8},"end":{"line":54,"column":11}},"10":{"start":{"line":56,"column":8},"end":{"line":56,"column":39}},"11":{"start":{"line":58,"column":8},"end":{"line":61,"column":10}},"12":{"start":{"line":63,"column":8},"end":{"line":63,"column":28}},"13":{"start":{"line":65,"column":8},"end":{"line":71,"column":9}},"14":{"start":{"line":66,"column":25},"end":{"line":66,"column":49}},"15":{"start":{"line":68,"column":10},"end":{"line":68,"column":45}},"16":{"start":{"line":70,"column":10},"end":{"line":70,"column":17}},"17":{"start":{"line":73,"column":8},"end":{"line":76,"column":10}},"18":{"start":{"line":82,"column":2},"end":{"line":156,"column":4}},"19":{"start":{"line":108,"column":18},"end":{"line":108,"column":49}},"20":{"start":{"line":122,"column":18},"end":{"line":122,"column":52}},"21":{"start":{"line":135,"column":18},"end":{"line":135,"column":48}},"22":{"start":{"line":141,"column":18},"end":{"line":141,"column":48}},"23":{"start":{"line":151,"column":35},"end":{"line":151,"column":54}}},"fnMap":{"0":{"name":"(anonymous_0)","decl":{"start":{"line":33,"column":25},"end":{"line":33,"column":26}},"loc":{"start":{"line":33,"column":31},"end":{"line":157,"column":1}},"line":33},"1":{"name":"(anonymous_1)","decl":{"start":{"line":41,"column":4},"end":{"line":41,"column":5}},"loc":{"start":{"line":41,"column":36},"end":{"line":78,"column":5}},"line":41},"2":{"name":"(anonymous_2)","decl":{"start":{"line":107,"column":33},"end":{"line":107,"column":34}},"loc":{"start":{"line":107,"column":39},"end":{"line":109,"column":17}},"line":107},"3":{"name":"(anonymous_3)","decl":{"start":{"line":121,"column":33},"end":{"line":121,"column":34}},"loc":{"start":{"line":121,"column":39},"end":{"line":123,"column":17}},"line":121},"4":{"name":"(anonymous_4)","decl":{"start":{"line":134,"column":33},"end":{"line":134,"column":34}},"loc":{"start":{"line":134,"column":39},"end":{"line":136,"column":17}},"line":134},"5":{"name":"(anonymous_5)","decl":{"start":{"line":140,"column":25},"end":{"line":140,"column":26}},"loc":{"start":{"line":140,"column":31},"end":{"line":142,"column":17}},"line":140},"6":{"name":"(anonymous_6)","decl":{"start":{"line":151,"column":29},"end":{"line":151,"column":30}},"loc":{"start":{"line":151,"column":35},"end":{"line":151,"column":54}},"line":151}},"branchMap":{"0":{"loc":{"start":{"line":65,"column":8},"end":{"line":71,"column":9}},"type":"if","locations":[{"start":{"line":65,"column":8},"end":{"line":71,"column":9}},{"start":{"line":65,"column":8},"end":{"line":71,"column":9}}],"line":65},"1":{"loc":{"start":{"line":86,"column":18},"end":{"line":86,"column":63}},"type":"cond-expr","locations":[{"start":{"line":86,"column":42},"end":{"line":86,"column":51}},{"start":{"line":86,"column":54},"end":{"line":86,"column":63}}],"line":86}},"s":{"0":0,"1":0,"2":0,"3":0,"4":0,"5":0,"6":0,"7":0,"8":0,"9":0,"10":0,"11":0,"12":0,"13":0,"14":0,"15":0,"16":0,"17":0,"18":0,"19":0,"20":0,"21":0,"22":0,"23":0},"f":{"0":0,"1":0,"2":0,"3":0,"4":0,"5":0,"6":0},"b":{"0":[0,0],"1":[0,0]},"hash":"00711c61c0ba258424d05960134d551b05c5bb88"}
}
